<?xml version="1.0" encoding="UTF-8"?>
<!-- Generated by org.testng.reporters.JUnitReportReporter -->
<testsuite hostname="DESKTOP-JCNBK9Q" failures="0" tests="1" name="testscript.Login" time="3.317" errors="0" timestamp="2025-08-18T20:09:26 IST" skipped="0">
  <testcase classname="testscript.Login" name="loginPage" time="3.317"/>
</testsuite> <!-- testscript.Login -->
